[2025-11-27 07:58:15,510: INFO: main: Welcome to our project Data Science Prediction to the Wine Quality]
[2025-11-27 07:58:15,510: INFO: main: >>>>>>> stage Data Ingestion Stage started <<<<<<<<<]
[2025-11-27 07:58:15,514: INFO: common: yaml file : config/config.yaml loaded successfully]
[2025-11-27 07:58:15,515: INFO: common: yaml file : params.yaml loaded successfully]
[2025-11-27 07:58:15,519: INFO: common: yaml file : schema.yaml loaded successfully]
[2025-11-27 07:58:15,520: INFO: common: Created directory at : artifacts]
[2025-11-27 07:58:15,520: INFO: common: Created directory at : artifacts/data_ingestion]
[2025-11-27 07:58:15,520: INFO: data_Ingestion: The data.zip is already exist]
[2025-11-27 07:58:15,526: INFO: main: >>>>>>> stage Data Ingestion Stage completed <<<<<<<<<

x==========x]
[2025-11-27 07:58:15,526: INFO: main: >>>>>>> stage Data Validation Stage started <<<<<<<<<]
[2025-11-27 07:58:15,528: INFO: common: yaml file : config/config.yaml loaded successfully]
[2025-11-27 07:58:15,529: INFO: common: yaml file : params.yaml loaded successfully]
[2025-11-27 07:58:15,533: INFO: common: yaml file : schema.yaml loaded successfully]
[2025-11-27 07:58:15,534: INFO: common: Created directory at : artifacts]
[2025-11-27 07:58:15,534: INFO: common: Created directory at : artifacts/data_validation]
[2025-11-27 07:58:15,540: INFO: main: >>>>>>> stage Data Validation Stage completed <<<<<<<<<

x==========x]
[2025-11-27 07:58:15,540: INFO: main: >>>>>>> stage Data Transformation Stage started <<<<<<<<<]
[2025-11-27 07:58:15,544: INFO: common: yaml file : config/config.yaml loaded successfully]
[2025-11-27 07:58:15,545: INFO: common: yaml file : params.yaml loaded successfully]
[2025-11-27 07:58:15,551: INFO: common: yaml file : schema.yaml loaded successfully]
[2025-11-27 07:58:15,552: INFO: common: Created directory at : artifacts]
[2025-11-27 07:58:15,554: INFO: common: Created directory at : artifacts/data_transformation]
[2025-11-27 07:58:15,606: INFO: data_Transformation: Splited Data into train test split]
[2025-11-27 07:58:15,606: INFO: data_Transformation: (1199, 12)]
[2025-11-27 07:58:15,606: INFO: data_Transformation: (400, 12)]
[2025-11-27 07:58:15,606: INFO: main: >>>>>>> stage Data Transformation Stage completed <<<<<<<<<

x==========x]
